<?xml version="1.0" encoding="UTF-8" standalone="yes" ?>
<test-results name="D:\Prog\soccer\tests\Win32\Debug\soccertests.exe" total="3" errors="0" failures="0" ignored="0" inconclusive="0" not-run="0" skipped="0" invalid="0" date="2018-07-22" time="0.016">
  <culture-info current-culture="en" current-uiculture="en" />
  <test-suite type="Assembly" name="soccertests.exe" executed="true" result="Success" success="True" time="0.016" asserts="0">
    <results>
        <test-suite type="Namespace" name="SoccerTets" executed="true" result="Success" success="True" time="0.016" asserts="0" >
          <results>
              <test-suite type="Fixture" name="TSoccerParserTests" executed="True" result="Success" success="True" time="0.016" >
                <results>
                  <test-case name="FullTest" executed="True" result="Success" success="True" time="0.014" asserts="0" />
                </results>
              </test-suite>
          </results>
        </test-suite>
        <test-suite type="Namespace" name="SoccerTests" executed="true" result="Success" success="True" time="0.001" asserts="0" >
          <results>
              <test-suite type="Fixture" name="TSoccerDomainFactoryTests" executed="True" result="Success" success="True" time="0.001" >
                <results>
                  <test-case name="FactoryTest" executed="True" result="Success" success="True" time="0.000" asserts="0" />
                  <test-case name="GlobalFactoryTest" executed="True" result="Success" success="True" time="0.000" asserts="0" />
                </results>
              </test-suite>
          </results>
        </test-suite>
    </results>
  </test-suite>
</test-results>
